<?xml version="1.0" encoding="UTF-8"?>
<!-- Generated by org.testng.reporters.JUnitXMLReporter -->
<testsuite hostname="Meet-PC" name="IETests" tests="2" failures="1" timestamp="18 Nov 2016 13:45:30 GMT" time="0.612" errors="0">
  <testcase name="LoginTestcase" time="0.022" classname="GTACAdmin.WSL_LOGIN">
    <failure type="java.lang.NullPointerException">
      <![CDATA[java.lang.NullPointerException
	at GTACAdmin.WSL_LOGIN.LoginTestcase(WSL_LOGIN.java:46)
... Removed 24 stack frames]]>
    </failure>
  </testcase> <!-- LoginTestcase -->
  <testcase name="login" time="0.023" classname="GTACAdmin.WSL_LOGIN"/>
</testsuite> <!-- IETests -->
